<?xml version="1.0" encoding="UTF-8"?>
<testsuite xmlns:xsi="http://www.w3.org/2001/XMLSchema-instance" xsi:noNamespaceSchemaLocation="https://maven.apache.org/surefire/maven-surefire-plugin/xsd/surefire-test-report.xsd" name="getRequest.GetData" time="5.293" tests="2" errors="0" skipped="0" failures="1">
  <properties>
    <property name="sun.desktop" value="windows"/>
    <property name="awt.toolkit" value="sun.awt.windows.WToolkit"/>
    <property name="file.encoding.pkg" value="sun.io"/>
    <property name="java.specification.version" value="1.8"/>
    <property name="sun.cpu.isalist" value="amd64"/>
    <property name="sun.jnu.encoding" value="Cp1252"/>
    <property name="java.class.path" value="C:\Users\Muhammad Waqar\Documents\NetBeansProjects\mavenproject1\springboot\target\test-classes;C:\Users\Muhammad Waqar\Documents\NetBeansProjects\mavenproject1\springboot\target\classes;C:\Users\Muhammad Waqar\.m2\repository\org\springframework\boot\spring-boot-starter-data-jpa\1.5.9.RELEASE\spring-boot-starter-data-jpa-1.5.9.RELEASE.jar;C:\Users\Muhammad Waqar\.m2\repository\org\springframework\boot\spring-boot-starter\1.5.9.RELEASE\spring-boot-starter-1.5.9.RELEASE.jar;C:\Users\Muhammad Waqar\.m2\repository\org\springframework\boot\spring-boot\1.5.9.RELEASE\spring-boot-1.5.9.RELEASE.jar;C:\Users\Muhammad Waqar\.m2\repository\org\springframework\boot\spring-boot-autoconfigure\1.5.9.RELEASE\spring-boot-autoconfigure-1.5.9.RELEASE.jar;C:\Users\Muhammad Waqar\.m2\repository\org\springframework\boot\spring-boot-starter-logging\1.5.9.RELEASE\spring-boot-starter-logging-1.5.9.RELEASE.jar;C:\Users\Muhammad Waqar\.m2\repository\ch\qos\logback\logback-classic\1.1.11\logback-classic-1.1.11.jar;C:\Users\Muhammad Waqar\.m2\repository\ch\qos\logback\logback-core\1.1.11\logback-core-1.1.11.jar;C:\Users\Muhammad Waqar\.m2\repository\org\slf4j\jul-to-slf4j\1.7.25\jul-to-slf4j-1.7.25.jar;C:\Users\Muhammad Waqar\.m2\repository\org\slf4j\log4j-over-slf4j\1.7.25\log4j-over-slf4j-1.7.25.jar;C:\Users\Muhammad Waqar\.m2\repository\org\springframework\spring-core\4.3.13.RELEASE\spring-core-4.3.13.RELEASE.jar;C:\Users\Muhammad Waqar\.m2\repository\org\yaml\snakeyaml\1.17\snakeyaml-1.17.jar;C:\Users\Muhammad Waqar\.m2\repository\org\springframework\boot\spring-boot-starter-aop\1.5.9.RELEASE\spring-boot-starter-aop-1.5.9.RELEASE.jar;C:\Users\Muhammad Waqar\.m2\repository\org\springframework\spring-aop\4.3.13.RELEASE\spring-aop-4.3.13.RELEASE.jar;C:\Users\Muhammad Waqar\.m2\repository\org\aspectj\aspectjweaver\1.8.13\aspectjweaver-1.8.13.jar;C:\Users\Muhammad Waqar\.m2\repository\org\springframework\boot\spring-boot-starter-jdbc\1.5.9.RELEASE\spring-boot-starter-jdbc-1.5.9.RELEASE.jar;C:\Users\Muhammad Waqar\.m2\repository\org\apache\tomcat\tomcat-jdbc\8.5.23\tomcat-jdbc-8.5.23.jar;C:\Users\Muhammad Waqar\.m2\repository\org\apache\tomcat\tomcat-juli\8.5.23\tomcat-juli-8.5.23.jar;C:\Users\Muhammad Waqar\.m2\repository\org\springframework\spring-jdbc\4.3.13.RELEASE\spring-jdbc-4.3.13.RELEASE.jar;C:\Users\Muhammad Waqar\.m2\repository\org\hibernate\hibernate-core\5.0.12.Final\hibernate-core-5.0.12.Final.jar;C:\Users\Muhammad Waqar\.m2\repository\org\jboss\logging\jboss-logging\3.3.1.Final\jboss-logging-3.3.1.Final.jar;C:\Users\Muhammad Waqar\.m2\repository\org\hibernate\javax\persistence\hibernate-jpa-2.1-api\1.0.0.Final\hibernate-jpa-2.1-api-1.0.0.Final.jar;C:\Users\Muhammad Waqar\.m2\repository\org\javassist\javassist\3.21.0-GA\javassist-3.21.0-GA.jar;C:\Users\Muhammad Waqar\.m2\repository\antlr\antlr\2.7.7\antlr-2.7.7.jar;C:\Users\Muhammad Waqar\.m2\repository\org\jboss\jandex\2.0.0.Final\jandex-2.0.0.Final.jar;C:\Users\Muhammad Waqar\.m2\repository\dom4j\dom4j\1.6.1\dom4j-1.6.1.jar;C:\Users\Muhammad Waqar\.m2\repository\org\hibernate\common\hibernate-commons-annotations\5.0.1.Final\hibernate-commons-annotations-5.0.1.Final.jar;C:\Users\Muhammad Waqar\.m2\repository\org\hibernate\hibernate-entitymanager\5.0.12.Final\hibernate-entitymanager-5.0.12.Final.jar;C:\Users\Muhammad Waqar\.m2\repository\javax\transaction\javax.transaction-api\1.2\javax.transaction-api-1.2.jar;C:\Users\Muhammad Waqar\.m2\repository\org\springframework\data\spring-data-jpa\1.11.9.RELEASE\spring-data-jpa-1.11.9.RELEASE.jar;C:\Users\Muhammad Waqar\.m2\repository\org\springframework\data\spring-data-commons\1.13.9.RELEASE\spring-data-commons-1.13.9.RELEASE.jar;C:\Users\Muhammad Waqar\.m2\repository\org\springframework\spring-orm\4.3.13.RELEASE\spring-orm-4.3.13.RELEASE.jar;C:\Users\Muhammad Waqar\.m2\repository\org\springframework\spring-context\4.3.13.RELEASE\spring-context-4.3.13.RELEASE.jar;C:\Users\Muhammad Waqar\.m2\repository\org\springframework\spring-tx\4.3.13.RELEASE\spring-tx-4.3.13.RELEASE.jar;C:\Users\Muhammad Waqar\.m2\repository\org\springframework\spring-beans\4.3.13.RELEASE\spring-beans-4.3.13.RELEASE.jar;C:\Users\Muhammad Waqar\.m2\repository\org\slf4j\slf4j-api\1.7.25\slf4j-api-1.7.25.jar;C:\Users\Muhammad Waqar\.m2\repository\org\slf4j\jcl-over-slf4j\1.7.25\jcl-over-slf4j-1.7.25.jar;C:\Users\Muhammad Waqar\.m2\repository\org\springframework\spring-aspects\4.3.13.RELEASE\spring-aspects-4.3.13.RELEASE.jar;C:\Users\Muhammad Waqar\.m2\repository\org\springframework\boot\spring-boot-starter-web\1.5.9.RELEASE\spring-boot-starter-web-1.5.9.RELEASE.jar;C:\Users\Muhammad Waqar\.m2\repository\org\springframework\boot\spring-boot-starter-tomcat\1.5.9.RELEASE\spring-boot-starter-tomcat-1.5.9.RELEASE.jar;C:\Users\Muhammad Waqar\.m2\repository\org\apache\tomcat\embed\tomcat-embed-core\8.5.23\tomcat-embed-core-8.5.23.jar;C:\Users\Muhammad Waqar\.m2\repository\org\apache\tomcat\tomcat-annotations-api\8.5.23\tomcat-annotations-api-8.5.23.jar;C:\Users\Muhammad Waqar\.m2\repository\org\apache\tomcat\embed\tomcat-embed-el\8.5.23\tomcat-embed-el-8.5.23.jar;C:\Users\Muhammad Waqar\.m2\repository\org\apache\tomcat\embed\tomcat-embed-websocket\8.5.23\tomcat-embed-websocket-8.5.23.jar;C:\Users\Muhammad Waqar\.m2\repository\org\hibernate\hibernate-validator\5.3.6.Final\hibernate-validator-5.3.6.Final.jar;C:\Users\Muhammad Waqar\.m2\repository\javax\validation\validation-api\1.1.0.Final\validation-api-1.1.0.Final.jar;C:\Users\Muhammad Waqar\.m2\repository\com\fasterxml\classmate\1.3.4\classmate-1.3.4.jar;C:\Users\Muhammad Waqar\.m2\repository\com\fasterxml\jackson\core\jackson-databind\2.8.10\jackson-databind-2.8.10.jar;C:\Users\Muhammad Waqar\.m2\repository\com\fasterxml\jackson\core\jackson-annotations\2.8.0\jackson-annotations-2.8.0.jar;C:\Users\Muhammad Waqar\.m2\repository\com\fasterxml\jackson\core\jackson-core\2.8.10\jackson-core-2.8.10.jar;C:\Users\Muhammad Waqar\.m2\repository\org\springframework\spring-web\4.3.13.RELEASE\spring-web-4.3.13.RELEASE.jar;C:\Users\Muhammad Waqar\.m2\repository\org\springframework\spring-webmvc\4.3.13.RELEASE\spring-webmvc-4.3.13.RELEASE.jar;C:\Users\Muhammad Waqar\.m2\repository\org\springframework\spring-expression\4.3.13.RELEASE\spring-expression-4.3.13.RELEASE.jar;C:\Users\Muhammad Waqar\.m2\repository\org\testng\testng\6.14.3\testng-6.14.3.jar;C:\Users\Muhammad Waqar\.m2\repository\com\beust\jcommander\1.72\jcommander-1.72.jar;C:\Users\Muhammad Waqar\.m2\repository\org\apache-extras\beanshell\bsh\2.0b6\bsh-2.0b6.jar;C:\Users\Muhammad Waqar\.m2\repository\org\springframework\boot\spring-boot-starter-thymeleaf\1.5.9.RELEASE\spring-boot-starter-thymeleaf-1.5.9.RELEASE.jar;C:\Users\Muhammad Waqar\.m2\repository\org\thymeleaf\thymeleaf-spring4\2.1.6.RELEASE\thymeleaf-spring4-2.1.6.RELEASE.jar;C:\Users\Muhammad Waqar\.m2\repository\org\thymeleaf\thymeleaf\2.1.6.RELEASE\thymeleaf-2.1.6.RELEASE.jar;C:\Users\Muhammad Waqar\.m2\repository\ognl\ognl\3.0.8\ognl-3.0.8.jar;C:\Users\Muhammad Waqar\.m2\repository\org\unbescape\unbescape\1.1.0.RELEASE\unbescape-1.1.0.RELEASE.jar;C:\Users\Muhammad Waqar\.m2\repository\nz\net\ultraq\thymeleaf\thymeleaf-layout-dialect\1.4.0\thymeleaf-layout-dialect-1.4.0.jar;C:\Users\Muhammad Waqar\.m2\repository\org\apache\derby\derby\10.13.1.1\derby-10.13.1.1.jar;C:\Users\Muhammad Waqar\.m2\repository\org\apache\httpcomponents\httpclient\4.5.9\httpclient-4.5.9.jar;C:\Users\Muhammad Waqar\.m2\repository\org\apache\httpcomponents\httpcore\4.4.8\httpcore-4.4.8.jar;C:\Users\Muhammad Waqar\.m2\repository\commons-codec\commons-codec\1.10\commons-codec-1.10.jar;C:\Users\Muhammad Waqar\.m2\repository\io\rest-assured\rest-assured\3.0.2\rest-assured-3.0.2.jar;C:\Users\Muhammad Waqar\.m2\repository\org\codehaus\groovy\groovy\2.4.13\groovy-2.4.13.jar;C:\Users\Muhammad Waqar\.m2\repository\org\codehaus\groovy\groovy-xml\2.4.13\groovy-xml-2.4.13.jar;C:\Users\Muhammad Waqar\.m2\repository\org\apache\httpcomponents\httpmime\4.5.3\httpmime-4.5.3.jar;C:\Users\Muhammad Waqar\.m2\repository\org\hamcrest\hamcrest-core\1.3\hamcrest-core-1.3.jar;C:\Users\Muhammad Waqar\.m2\repository\org\hamcrest\hamcrest-library\1.3\hamcrest-library-1.3.jar;C:\Users\Muhammad Waqar\.m2\repository\org\ccil\cowan\tagsoup\tagsoup\1.2.1\tagsoup-1.2.1.jar;C:\Users\Muhammad Waqar\.m2\repository\io\rest-assured\json-path\3.0.2\json-path-3.0.2.jar;C:\Users\Muhammad Waqar\.m2\repository\org\codehaus\groovy\groovy-json\2.4.13\groovy-json-2.4.13.jar;C:\Users\Muhammad Waqar\.m2\repository\io\rest-assured\rest-assured-common\3.0.2\rest-assured-common-3.0.2.jar;C:\Users\Muhammad Waqar\.m2\repository\io\rest-assured\xml-path\3.0.2\xml-path-3.0.2.jar;C:\Users\Muhammad Waqar\.m2\repository\org\apache\commons\commons-lang3\3.4\commons-lang3-3.4.jar;C:\Users\Muhammad Waqar\.m2\repository\org\json\json\20180813\json-20180813.jar;C:\Users\Muhammad Waqar\.m2\repository\org\apache\maven\surefire\surefire-testng-utils\2.22.0\surefire-testng-utils-2.22.0.jar;C:\Users\Muhammad Waqar\.m2\repository\org\apache\maven\surefire\surefire-grouper\2.22.0\surefire-grouper-2.22.0.jar;"/>
    <property name="java.vm.vendor" value="Oracle Corporation"/>
    <property name="sun.arch.data.model" value="64"/>
    <property name="user.variant" value=""/>
    <property name="java.vendor.url" value="http://java.oracle.com/"/>
    <property name="user.timezone" value="Asia/Karachi"/>
    <property name="java.vm.specification.version" value="1.8"/>
    <property name="os.name" value="Windows 10"/>
    <property name="user.country" value="US"/>
    <property name="sun.java.launcher" value="SUN_STANDARD"/>
    <property name="sun.boot.library.path" value="C:\Program Files\Java\jdk1.8.0_111\jre\bin"/>
    <property name="sun.java.command" value="C:\Users\MUHAMM~1\AppData\Local\Temp\surefire2769064445019490858\surefirebooter8523273015849000083.jar C:\Users\Muhammad Waqar\AppData\Local\Temp\surefire2769064445019490858 2019-08-01T23-38-30_031-jvmRun1 surefire5916003409547384448tmp surefire_07432070784572368735tmp"/>
    <property name="test" value="GetData"/>
    <property name="surefire.test.class.path" value="C:\Users\Muhammad Waqar\Documents\NetBeansProjects\mavenproject1\springboot\target\test-classes;C:\Users\Muhammad Waqar\Documents\NetBeansProjects\mavenproject1\springboot\target\classes;C:\Users\Muhammad Waqar\.m2\repository\org\springframework\boot\spring-boot-starter-data-jpa\1.5.9.RELEASE\spring-boot-starter-data-jpa-1.5.9.RELEASE.jar;C:\Users\Muhammad Waqar\.m2\repository\org\springframework\boot\spring-boot-starter\1.5.9.RELEASE\spring-boot-starter-1.5.9.RELEASE.jar;C:\Users\Muhammad Waqar\.m2\repository\org\springframework\boot\spring-boot\1.5.9.RELEASE\spring-boot-1.5.9.RELEASE.jar;C:\Users\Muhammad Waqar\.m2\repository\org\springframework\boot\spring-boot-autoconfigure\1.5.9.RELEASE\spring-boot-autoconfigure-1.5.9.RELEASE.jar;C:\Users\Muhammad Waqar\.m2\repository\org\springframework\boot\spring-boot-starter-logging\1.5.9.RELEASE\spring-boot-starter-logging-1.5.9.RELEASE.jar;C:\Users\Muhammad Waqar\.m2\repository\ch\qos\logback\logback-classic\1.1.11\logback-classic-1.1.11.jar;C:\Users\Muhammad Waqar\.m2\repository\ch\qos\logback\logback-core\1.1.11\logback-core-1.1.11.jar;C:\Users\Muhammad Waqar\.m2\repository\org\slf4j\jul-to-slf4j\1.7.25\jul-to-slf4j-1.7.25.jar;C:\Users\Muhammad Waqar\.m2\repository\org\slf4j\log4j-over-slf4j\1.7.25\log4j-over-slf4j-1.7.25.jar;C:\Users\Muhammad Waqar\.m2\repository\org\springframework\spring-core\4.3.13.RELEASE\spring-core-4.3.13.RELEASE.jar;C:\Users\Muhammad Waqar\.m2\repository\org\yaml\snakeyaml\1.17\snakeyaml-1.17.jar;C:\Users\Muhammad Waqar\.m2\repository\org\springframework\boot\spring-boot-starter-aop\1.5.9.RELEASE\spring-boot-starter-aop-1.5.9.RELEASE.jar;C:\Users\Muhammad Waqar\.m2\repository\org\springframework\spring-aop\4.3.13.RELEASE\spring-aop-4.3.13.RELEASE.jar;C:\Users\Muhammad Waqar\.m2\repository\org\aspectj\aspectjweaver\1.8.13\aspectjweaver-1.8.13.jar;C:\Users\Muhammad Waqar\.m2\repository\org\springframework\boot\spring-boot-starter-jdbc\1.5.9.RELEASE\spring-boot-starter-jdbc-1.5.9.RELEASE.jar;C:\Users\Muhammad Waqar\.m2\repository\org\apache\tomcat\tomcat-jdbc\8.5.23\tomcat-jdbc-8.5.23.jar;C:\Users\Muhammad Waqar\.m2\repository\org\apache\tomcat\tomcat-juli\8.5.23\tomcat-juli-8.5.23.jar;C:\Users\Muhammad Waqar\.m2\repository\org\springframework\spring-jdbc\4.3.13.RELEASE\spring-jdbc-4.3.13.RELEASE.jar;C:\Users\Muhammad Waqar\.m2\repository\org\hibernate\hibernate-core\5.0.12.Final\hibernate-core-5.0.12.Final.jar;C:\Users\Muhammad Waqar\.m2\repository\org\jboss\logging\jboss-logging\3.3.1.Final\jboss-logging-3.3.1.Final.jar;C:\Users\Muhammad Waqar\.m2\repository\org\hibernate\javax\persistence\hibernate-jpa-2.1-api\1.0.0.Final\hibernate-jpa-2.1-api-1.0.0.Final.jar;C:\Users\Muhammad Waqar\.m2\repository\org\javassist\javassist\3.21.0-GA\javassist-3.21.0-GA.jar;C:\Users\Muhammad Waqar\.m2\repository\antlr\antlr\2.7.7\antlr-2.7.7.jar;C:\Users\Muhammad Waqar\.m2\repository\org\jboss\jandex\2.0.0.Final\jandex-2.0.0.Final.jar;C:\Users\Muhammad Waqar\.m2\repository\dom4j\dom4j\1.6.1\dom4j-1.6.1.jar;C:\Users\Muhammad Waqar\.m2\repository\org\hibernate\common\hibernate-commons-annotations\5.0.1.Final\hibernate-commons-annotations-5.0.1.Final.jar;C:\Users\Muhammad Waqar\.m2\repository\org\hibernate\hibernate-entitymanager\5.0.12.Final\hibernate-entitymanager-5.0.12.Final.jar;C:\Users\Muhammad Waqar\.m2\repository\javax\transaction\javax.transaction-api\1.2\javax.transaction-api-1.2.jar;C:\Users\Muhammad Waqar\.m2\repository\org\springframework\data\spring-data-jpa\1.11.9.RELEASE\spring-data-jpa-1.11.9.RELEASE.jar;C:\Users\Muhammad Waqar\.m2\repository\org\springframework\data\spring-data-commons\1.13.9.RELEASE\spring-data-commons-1.13.9.RELEASE.jar;C:\Users\Muhammad Waqar\.m2\repository\org\springframework\spring-orm\4.3.13.RELEASE\spring-orm-4.3.13.RELEASE.jar;C:\Users\Muhammad Waqar\.m2\repository\org\springframework\spring-context\4.3.13.RELEASE\spring-context-4.3.13.RELEASE.jar;C:\Users\Muhammad Waqar\.m2\repository\org\springframework\spring-tx\4.3.13.RELEASE\spring-tx-4.3.13.RELEASE.jar;C:\Users\Muhammad Waqar\.m2\repository\org\springframework\spring-beans\4.3.13.RELEASE\spring-beans-4.3.13.RELEASE.jar;C:\Users\Muhammad Waqar\.m2\repository\org\slf4j\slf4j-api\1.7.25\slf4j-api-1.7.25.jar;C:\Users\Muhammad Waqar\.m2\repository\org\slf4j\jcl-over-slf4j\1.7.25\jcl-over-slf4j-1.7.25.jar;C:\Users\Muhammad Waqar\.m2\repository\org\springframework\spring-aspects\4.3.13.RELEASE\spring-aspects-4.3.13.RELEASE.jar;C:\Users\Muhammad Waqar\.m2\repository\org\springframework\boot\spring-boot-starter-web\1.5.9.RELEASE\spring-boot-starter-web-1.5.9.RELEASE.jar;C:\Users\Muhammad Waqar\.m2\repository\org\springframework\boot\spring-boot-starter-tomcat\1.5.9.RELEASE\spring-boot-starter-tomcat-1.5.9.RELEASE.jar;C:\Users\Muhammad Waqar\.m2\repository\org\apache\tomcat\embed\tomcat-embed-core\8.5.23\tomcat-embed-core-8.5.23.jar;C:\Users\Muhammad Waqar\.m2\repository\org\apache\tomcat\tomcat-annotations-api\8.5.23\tomcat-annotations-api-8.5.23.jar;C:\Users\Muhammad Waqar\.m2\repository\org\apache\tomcat\embed\tomcat-embed-el\8.5.23\tomcat-embed-el-8.5.23.jar;C:\Users\Muhammad Waqar\.m2\repository\org\apache\tomcat\embed\tomcat-embed-websocket\8.5.23\tomcat-embed-websocket-8.5.23.jar;C:\Users\Muhammad Waqar\.m2\repository\org\hibernate\hibernate-validator\5.3.6.Final\hibernate-validator-5.3.6.Final.jar;C:\Users\Muhammad Waqar\.m2\repository\javax\validation\validation-api\1.1.0.Final\validation-api-1.1.0.Final.jar;C:\Users\Muhammad Waqar\.m2\repository\com\fasterxml\classmate\1.3.4\classmate-1.3.4.jar;C:\Users\Muhammad Waqar\.m2\repository\com\fasterxml\jackson\core\jackson-databind\2.8.10\jackson-databind-2.8.10.jar;C:\Users\Muhammad Waqar\.m2\repository\com\fasterxml\jackson\core\jackson-annotations\2.8.0\jackson-annotations-2.8.0.jar;C:\Users\Muhammad Waqar\.m2\repository\com\fasterxml\jackson\core\jackson-core\2.8.10\jackson-core-2.8.10.jar;C:\Users\Muhammad Waqar\.m2\repository\org\springframework\spring-web\4.3.13.RELEASE\spring-web-4.3.13.RELEASE.jar;C:\Users\Muhammad Waqar\.m2\repository\org\springframework\spring-webmvc\4.3.13.RELEASE\spring-webmvc-4.3.13.RELEASE.jar;C:\Users\Muhammad Waqar\.m2\repository\org\springframework\spring-expression\4.3.13.RELEASE\spring-expression-4.3.13.RELEASE.jar;C:\Users\Muhammad Waqar\.m2\repository\org\testng\testng\6.14.3\testng-6.14.3.jar;C:\Users\Muhammad Waqar\.m2\repository\com\beust\jcommander\1.72\jcommander-1.72.jar;C:\Users\Muhammad Waqar\.m2\repository\org\apache-extras\beanshell\bsh\2.0b6\bsh-2.0b6.jar;C:\Users\Muhammad Waqar\.m2\repository\org\springframework\boot\spring-boot-starter-thymeleaf\1.5.9.RELEASE\spring-boot-starter-thymeleaf-1.5.9.RELEASE.jar;C:\Users\Muhammad Waqar\.m2\repository\org\thymeleaf\thymeleaf-spring4\2.1.6.RELEASE\thymeleaf-spring4-2.1.6.RELEASE.jar;C:\Users\Muhammad Waqar\.m2\repository\org\thymeleaf\thymeleaf\2.1.6.RELEASE\thymeleaf-2.1.6.RELEASE.jar;C:\Users\Muhammad Waqar\.m2\repository\ognl\ognl\3.0.8\ognl-3.0.8.jar;C:\Users\Muhammad Waqar\.m2\repository\org\unbescape\unbescape\1.1.0.RELEASE\unbescape-1.1.0.RELEASE.jar;C:\Users\Muhammad Waqar\.m2\repository\nz\net\ultraq\thymeleaf\thymeleaf-layout-dialect\1.4.0\thymeleaf-layout-dialect-1.4.0.jar;C:\Users\Muhammad Waqar\.m2\repository\org\apache\derby\derby\10.13.1.1\derby-10.13.1.1.jar;C:\Users\Muhammad Waqar\.m2\repository\org\apache\httpcomponents\httpclient\4.5.9\httpclient-4.5.9.jar;C:\Users\Muhammad Waqar\.m2\repository\org\apache\httpcomponents\httpcore\4.4.8\httpcore-4.4.8.jar;C:\Users\Muhammad Waqar\.m2\repository\commons-codec\commons-codec\1.10\commons-codec-1.10.jar;C:\Users\Muhammad Waqar\.m2\repository\io\rest-assured\rest-assured\3.0.2\rest-assured-3.0.2.jar;C:\Users\Muhammad Waqar\.m2\repository\org\codehaus\groovy\groovy\2.4.13\groovy-2.4.13.jar;C:\Users\Muhammad Waqar\.m2\repository\org\codehaus\groovy\groovy-xml\2.4.13\groovy-xml-2.4.13.jar;C:\Users\Muhammad Waqar\.m2\repository\org\apache\httpcomponents\httpmime\4.5.3\httpmime-4.5.3.jar;C:\Users\Muhammad Waqar\.m2\repository\org\hamcrest\hamcrest-core\1.3\hamcrest-core-1.3.jar;C:\Users\Muhammad Waqar\.m2\repository\org\hamcrest\hamcrest-library\1.3\hamcrest-library-1.3.jar;C:\Users\Muhammad Waqar\.m2\repository\org\ccil\cowan\tagsoup\tagsoup\1.2.1\tagsoup-1.2.1.jar;C:\Users\Muhammad Waqar\.m2\repository\io\rest-assured\json-path\3.0.2\json-path-3.0.2.jar;C:\Users\Muhammad Waqar\.m2\repository\org\codehaus\groovy\groovy-json\2.4.13\groovy-json-2.4.13.jar;C:\Users\Muhammad Waqar\.m2\repository\io\rest-assured\rest-assured-common\3.0.2\rest-assured-common-3.0.2.jar;C:\Users\Muhammad Waqar\.m2\repository\io\rest-assured\xml-path\3.0.2\xml-path-3.0.2.jar;C:\Users\Muhammad Waqar\.m2\repository\org\apache\commons\commons-lang3\3.4\commons-lang3-3.4.jar;C:\Users\Muhammad Waqar\.m2\repository\org\json\json\20180813\json-20180813.jar;C:\Users\Muhammad Waqar\.m2\repository\org\apache\maven\surefire\surefire-testng-utils\2.22.0\surefire-testng-utils-2.22.0.jar;C:\Users\Muhammad Waqar\.m2\repository\org\apache\maven\surefire\surefire-grouper\2.22.0\surefire-grouper-2.22.0.jar;"/>
    <property name="sun.cpu.endian" value="little"/>
    <property name="user.home" value="C:\Users\Muhammad Waqar"/>
    <property name="user.language" value="en"/>
    <property name="java.specification.vendor" value="Oracle Corporation"/>
    <property name="java.home" value="C:\Program Files\Java\jdk1.8.0_111\jre"/>
    <property name="basedir" value="C:\Users\Muhammad Waqar\Documents\NetBeansProjects\mavenproject1\springboot"/>
    <property name="file.separator" value="\"/>
    <property name="line.separator" value="&#10;"/>
    <property name="java.vm.specification.vendor" value="Oracle Corporation"/>
    <property name="java.specification.name" value="Java Platform API Specification"/>
    <property name="java.awt.graphicsenv" value="sun.awt.Win32GraphicsEnvironment"/>
    <property name="surefire.real.class.path" value="C:\Users\MUHAMM~1\AppData\Local\Temp\surefire2769064445019490858\surefirebooter8523273015849000083.jar"/>
    <property name="sun.boot.class.path" value="C:\Program Files\Java\jdk1.8.0_111\jre\lib\resources.jar;C:\Program Files\Java\jdk1.8.0_111\jre\lib\rt.jar;C:\Program Files\Java\jdk1.8.0_111\jre\lib\sunrsasign.jar;C:\Program Files\Java\jdk1.8.0_111\jre\lib\jsse.jar;C:\Program Files\Java\jdk1.8.0_111\jre\lib\jce.jar;C:\Program Files\Java\jdk1.8.0_111\jre\lib\charsets.jar;C:\Program Files\Java\jdk1.8.0_111\jre\lib\jfr.jar;C:\Program Files\Java\jdk1.8.0_111\jre\classes"/>
    <property name="user.script" value=""/>
    <property name="sun.management.compiler" value="HotSpot 64-Bit Tiered Compilers"/>
    <property name="java.runtime.version" value="1.8.0_111-b14"/>
    <property name="user.name" value="Muhammad Waqar"/>
    <property name="path.separator" value=";"/>
    <property name="os.version" value="10.0"/>
    <property name="java.endorsed.dirs" value="C:\Program Files\Java\jdk1.8.0_111\jre\lib\endorsed"/>
    <property name="java.runtime.name" value="Java(TM) SE Runtime Environment"/>
    <property name="file.encoding" value="Cp1252"/>
    <property name="java.vm.name" value="Java HotSpot(TM) 64-Bit Server VM"/>
    <property name="localRepository" value="C:\Users\Muhammad Waqar\.m2\repository"/>
    <property name="java.vendor.url.bug" value="http://bugreport.sun.com/bugreport/"/>
    <property name="java.io.tmpdir" value="C:\Users\MUHAMM~1\AppData\Local\Temp\"/>
    <property name="java.version" value="1.8.0_111"/>
    <property name="user.dir" value="C:\Users\Muhammad Waqar\Documents\NetBeansProjects\mavenproject1\springboot"/>
    <property name="os.arch" value="amd64"/>
    <property name="java.vm.specification.name" value="Java Virtual Machine Specification"/>
    <property name="java.awt.printerjob" value="sun.awt.windows.WPrinterJob"/>
    <property name="sun.os.patch.level" value=""/>
    <property name="java.library.path" value="C:\Program Files\Java\jdk1.8.0_111\jre\bin;C:\WINDOWS\Sun\Java\bin;C:\WINDOWS\system32;C:\WINDOWS;C:\Users\Muhammad Waqar\bin;C:\Program Files\Git\mingw64\bin;C:\Program Files\Git\usr\local\bin;C:\Program Files\Git\usr\bin;C:\Program Files\Git\usr\bin;C:\Program Files\Git\mingw64\bin;C:\Program Files\Git\usr\bin;C:\Users\Muhammad Waqar\bin;C:\ProgramData\Oracle\Java\javapath;C:\WINDOWS\system32;C:\WINDOWS;C:\WINDOWS\System32\Wbem;C:\WINDOWS\System32\WindowsPowerShell\v1.0;C:\wamp64\bin\php\php7.1.9;C:\ProgramData\ComposerSetup\bin;C:\Program Files\Git\cmd;C:\WINDOWS\System32\OpenSSH;C:\Program Files\apache-maven-3.6.0\bin;C:\Program Files\Java\jdk1.8.0_111\bin;C:\Users\Muhammad Waqar\AppData\Local\Programs\Python\Python37-32\Scripts;C:\Users\Muhammad Waqar\AppData\Local\Programs\Python\Python37-32;C:\Users\Muhammad Waqar\AppData\Local\Microsoft\WindowsApps;C:\Users\Muhammad Waqar\AppData\Roaming\Composer\vendor\bin;C:\Program Files\heroku\bin;C:\Program Files\apache-maven-3.6.0\bin;C:\Program Files\Java\jdk1.8.0_111\bin;C:\Users\Muhammad Waqar\AppData\Local\GitHubDesktop\bin;C:\Program Files\Git\usr\bin\vendor_perl;C:\Program Files\Git\usr\bin\core_perl;."/>
    <property name="java.vm.info" value="mixed mode"/>
    <property name="java.vendor" value="Oracle Corporation"/>
    <property name="java.vm.version" value="25.111-b14"/>
    <property name="java.ext.dirs" value="C:\Program Files\Java\jdk1.8.0_111\jre\lib\ext;C:\WINDOWS\Sun\Java\lib\ext"/>
    <property name="sun.io.unicode.encoding" value="UnicodeLittle"/>
    <property name="java.class.version" value="52.0"/>
  </properties>
  <testcase name="testResponsecode" classname="getRequest.GetData" time="3.302"/>
  <testcase name="testResponsecode1" classname="getRequest.GetData" time="0.975">
    <failure message="expected [403] but found [200]" type="java.lang.AssertionError">java.lang.AssertionError: expected [403] but found [200]
	at getRequest.GetData.testResponsecode1(GetData.java:30)
</failure>
    <system-out><![CDATA[23:38:36.108 [main] DEBUG org.apache.http.impl.conn.BasicClientConnectionManager - Get connection for route {s}->https://samples.openweathermap.org:443
23:38:36.109 [main] DEBUG org.apache.http.impl.conn.DefaultClientConnectionOperator - Connecting to samples.openweathermap.org:443
23:38:36.838 [main] DEBUG org.apache.http.client.protocol.RequestAddCookies - CookieSpec selected: ignoreCookies
23:38:36.838 [main] DEBUG org.apache.http.client.protocol.RequestAuthCache - Auth cache not set in the context
23:38:36.838 [main] DEBUG org.apache.http.client.protocol.RequestTargetAuthentication - Target auth state: UNCHALLENGED
23:38:36.838 [main] DEBUG org.apache.http.client.protocol.RequestProxyAuthentication - Proxy auth state: UNCHALLENGED
23:38:36.838 [main] DEBUG org.apache.http.impl.client.DefaultHttpClient - Attempt 1 to execute request
23:38:36.838 [main] DEBUG org.apache.http.impl.conn.DefaultClientConnection - Sending request: GET /data/2.5/weather?q=London%2Cuk&appid=b6907d289e10d714a6e88b30761fae22 HTTP/1.1
23:38:36.839 [main] DEBUG org.apache.http.wire -  >> "GET /data/2.5/weather?q=London%2Cuk&appid=b6907d289e10d714a6e88b30761fae22 HTTP/1.1[\r][\n]"
23:38:36.839 [main] DEBUG org.apache.http.wire -  >> "Accept: */*[\r][\n]"
23:38:36.845 [main] DEBUG org.apache.http.wire -  >> "Content-Length: 0[\r][\n]"
23:38:36.845 [main] DEBUG org.apache.http.wire -  >> "Host: samples.openweathermap.org[\r][\n]"
23:38:36.845 [main] DEBUG org.apache.http.wire -  >> "Connection: Keep-Alive[\r][\n]"
23:38:36.845 [main] DEBUG org.apache.http.wire -  >> "User-Agent: Apache-HttpClient/4.5.9 (Java/1.8.0_111)[\r][\n]"
23:38:36.846 [main] DEBUG org.apache.http.wire -  >> "Accept-Encoding: gzip,deflate[\r][\n]"
23:38:36.846 [main] DEBUG org.apache.http.wire -  >> "[\r][\n]"
23:38:36.846 [main] DEBUG org.apache.http.headers - >> GET /data/2.5/weather?q=London%2Cuk&appid=b6907d289e10d714a6e88b30761fae22 HTTP/1.1
23:38:36.846 [main] DEBUG org.apache.http.headers - >> Accept: */*
23:38:36.846 [main] DEBUG org.apache.http.headers - >> Content-Length: 0
23:38:36.846 [main] DEBUG org.apache.http.headers - >> Host: samples.openweathermap.org
23:38:36.846 [main] DEBUG org.apache.http.headers - >> Connection: Keep-Alive
23:38:36.846 [main] DEBUG org.apache.http.headers - >> User-Agent: Apache-HttpClient/4.5.9 (Java/1.8.0_111)
23:38:36.846 [main] DEBUG org.apache.http.headers - >> Accept-Encoding: gzip,deflate
23:38:37.022 [main] DEBUG org.apache.http.wire -  << "HTTP/1.1 200 OK[\r][\n]"
23:38:37.022 [main] DEBUG org.apache.http.wire -  << "Server: openresty/1.9.7.1[\r][\n]"
23:38:37.022 [main] DEBUG org.apache.http.wire -  << "Date: Thu, 01 Aug 2019 18:38:36 GMT[\r][\n]"
23:38:37.022 [main] DEBUG org.apache.http.wire -  << "Content-Type: application/json; charset=utf-8[\r][\n]"
23:38:37.022 [main] DEBUG org.apache.http.wire -  << "Transfer-Encoding: chunked[\r][\n]"
23:38:37.023 [main] DEBUG org.apache.http.wire -  << "Connection: keep-alive[\r][\n]"
23:38:37.023 [main] DEBUG org.apache.http.wire -  << "X-Frame-Options: SAMEORIGIN[\r][\n]"
23:38:37.023 [main] DEBUG org.apache.http.wire -  << "X-XSS-Protection: 1; mode=block[\r][\n]"
23:38:37.023 [main] DEBUG org.apache.http.wire -  << "X-Content-Type-Options: nosniff[\r][\n]"
23:38:37.023 [main] DEBUG org.apache.http.wire -  << "ETag: W/"e70c27085ed41de5321252b16c9582fe"[\r][\n]"
23:38:37.023 [main] DEBUG org.apache.http.wire -  << "Cache-Control: max-age=0, private, must-revalidate[\r][\n]"
23:38:37.023 [main] DEBUG org.apache.http.wire -  << "X-Request-Id: fad58766-f29c-481c-b9cc-42155181fee4[\r][\n]"
23:38:37.023 [main] DEBUG org.apache.http.wire -  << "X-Runtime: 0.000984[\r][\n]"
23:38:37.023 [main] DEBUG org.apache.http.wire -  << "Content-Encoding: gzip[\r][\n]"
23:38:37.023 [main] DEBUG org.apache.http.wire -  << "[\r][\n]"
23:38:37.024 [main] DEBUG org.apache.http.impl.conn.DefaultClientConnection - Receiving response: HTTP/1.1 200 OK
23:38:37.024 [main] DEBUG org.apache.http.headers - << HTTP/1.1 200 OK
23:38:37.024 [main] DEBUG org.apache.http.headers - << Server: openresty/1.9.7.1
23:38:37.024 [main] DEBUG org.apache.http.headers - << Date: Thu, 01 Aug 2019 18:38:36 GMT
23:38:37.024 [main] DEBUG org.apache.http.headers - << Content-Type: application/json; charset=utf-8
23:38:37.024 [main] DEBUG org.apache.http.headers - << Transfer-Encoding: chunked
23:38:37.024 [main] DEBUG org.apache.http.headers - << Connection: keep-alive
23:38:37.024 [main] DEBUG org.apache.http.headers - << X-Frame-Options: SAMEORIGIN
23:38:37.024 [main] DEBUG org.apache.http.headers - << X-XSS-Protection: 1; mode=block
23:38:37.024 [main] DEBUG org.apache.http.headers - << X-Content-Type-Options: nosniff
23:38:37.024 [main] DEBUG org.apache.http.headers - << ETag: W/"e70c27085ed41de5321252b16c9582fe"
23:38:37.024 [main] DEBUG org.apache.http.headers - << Cache-Control: max-age=0, private, must-revalidate
23:38:37.024 [main] DEBUG org.apache.http.headers - << X-Request-Id: fad58766-f29c-481c-b9cc-42155181fee4
23:38:37.024 [main] DEBUG org.apache.http.headers - << X-Runtime: 0.000984
23:38:37.024 [main] DEBUG org.apache.http.headers - << Content-Encoding: gzip
23:38:37.025 [main] DEBUG org.apache.http.impl.client.DefaultHttpClient - Connection can be kept alive indefinitely
23:38:37.025 [main] DEBUG io.restassured.internal.RequestSpecificationImpl$RestAssuredHttpBuilder - Parsing response as: application/json; charset=utf-8
23:38:37.025 [main] DEBUG org.apache.http.wire -  << "13f[\r][\n]"
23:38:37.025 [main] DEBUG org.apache.http.wire -  << "[0x1f]"
23:38:37.025 [main] DEBUG org.apache.http.wire -  << "[0x8b]"
23:38:37.025 [main] DEBUG org.apache.http.wire -  << "[0x8]"
23:38:37.025 [main] DEBUG org.apache.http.wire -  << "[0x0]"
23:38:37.025 [main] DEBUG org.apache.http.wire -  << "[0x0][0x0][0x0][0x0][0x0][0x3]"
23:38:37.025 [main] DEBUG io.restassured.internal.RequestSpecificationImpl$RestAssuredHttpBuilder - Parsed data to instance of: class org.apache.http.conn.EofSensorInputStream
Status code is 200
]]></system-out>
  </testcase>
</testsuite>